Determining if the pthread_create exist failed with the following output:
Change Dir: /home/vibhor/catkin_ws/src/libuvc_ros/libuvc_camera/build/CMakeFiles/CMakeTmp

Run Build Command:"/usr/bin/make" "cmTC_344c4/fast"
make[1]: Entering directory '/home/vibhor/catkin_ws/src/libuvc_ros/libuvc_camera/build/CMakeFiles/CMakeTmp'
/usr/bin/make -f CMakeFiles/cmTC_344c4.dir/build.make CMakeFiles/cmTC_344c4.dir/build
make[2]: Entering directory '/home/vibhor/catkin_ws/src/libuvc_ros/libuvc_camera/build/CMakeFiles/CMakeTmp'
Building C object CMakeFiles/cmTC_344c4.dir/CheckSymbolExists.c.o
/usr/bin/cc     -o CMakeFiles/cmTC_344c4.dir/CheckSymbolExists.c.o   -c /home/vibhor/catkin_ws/src/libuvc_ros/libuvc_camera/build/CMakeFiles/CMakeTmp/CheckSymbolExists.c
Linking C executable cmTC_344c4
/usr/bin/cmake -E cmake_link_script CMakeFiles/cmTC_344c4.dir/link.txt --verbose=1
/usr/bin/cc       CMakeFiles/cmTC_344c4.dir/CheckSymbolExists.c.o  -o cmTC_344c4 -rdynamic 
CMakeFiles/cmTC_344c4.dir/CheckSymbolExists.c.o: In function `main':
CheckSymbolExists.c:(.text+0x16): undefined reference to `pthread_create'
collect2: error: ld returned 1 exit status
CMakeFiles/cmTC_344c4.dir/build.make:97: recipe for target 'cmTC_344c4' failed
make[2]: *** [cmTC_344c4] Error 1
make[2]: Leaving directory '/home/vibhor/catkin_ws/src/libuvc_ros/libuvc_camera/build/CMakeFiles/CMakeTmp'
Makefile:126: recipe for target 'cmTC_344c4/fast' failed
make[1]: *** [cmTC_344c4/fast] Error 2
make[1]: Leaving directory '/home/vibhor/catkin_ws/src/libuvc_ros/libuvc_camera/build/CMakeFiles/CMakeTmp'

File /home/vibhor/catkin_ws/src/libuvc_ros/libuvc_camera/build/CMakeFiles/CMakeTmp/CheckSymbolExists.c:
/* */
#include <pthread.h>

int main(int argc, char** argv)
{
  (void)argv;
#ifndef pthread_create
  return ((int*)(&pthread_create))[argc];
#else
  (void)argc;
  return 0;
#endif
}

Determining if the function pthread_create exists in the pthreads failed with the following output:
Change Dir: /home/vibhor/catkin_ws/src/libuvc_ros/libuvc_camera/build/CMakeFiles/CMakeTmp

Run Build Command:"/usr/bin/make" "cmTC_2c0b2/fast"
make[1]: Entering directory '/home/vibhor/catkin_ws/src/libuvc_ros/libuvc_camera/build/CMakeFiles/CMakeTmp'
/usr/bin/make -f CMakeFiles/cmTC_2c0b2.dir/build.make CMakeFiles/cmTC_2c0b2.dir/build
make[2]: Entering directory '/home/vibhor/catkin_ws/src/libuvc_ros/libuvc_camera/build/CMakeFiles/CMakeTmp'
Building C object CMakeFiles/cmTC_2c0b2.dir/CheckFunctionExists.c.o
/usr/bin/cc    -DCHECK_FUNCTION_EXISTS=pthread_create   -o CMakeFiles/cmTC_2c0b2.dir/CheckFunctionExists.c.o   -c /usr/share/cmake-3.5/Modules/CheckFunctionExists.c
Linking C executable cmTC_2c0b2
/usr/bin/cmake -E cmake_link_script CMakeFiles/cmTC_2c0b2.dir/link.txt --verbose=1
/usr/bin/cc   -DCHECK_FUNCTION_EXISTS=pthread_create    CMakeFiles/cmTC_2c0b2.dir/CheckFunctionExists.c.o  -o cmTC_2c0b2 -rdynamic -lpthreads 
/usr/bin/ld: cannot find -lpthreads
collect2: error: ld returned 1 exit status
CMakeFiles/cmTC_2c0b2.dir/build.make:97: recipe for target 'cmTC_2c0b2' failed
make[2]: *** [cmTC_2c0b2] Error 1
make[2]: Leaving directory '/home/vibhor/catkin_ws/src/libuvc_ros/libuvc_camera/build/CMakeFiles/CMakeTmp'
Makefile:126: recipe for target 'cmTC_2c0b2/fast' failed
make[1]: *** [cmTC_2c0b2/fast] Error 2
make[1]: Leaving directory '/home/vibhor/catkin_ws/src/libuvc_ros/libuvc_camera/build/CMakeFiles/CMakeTmp'


